Copyright 1986-2014 Xilinx, Inc. All Rights Reserved.
---------------------------------------------------------------------------------------
| Tool Version     : Vivado v.2014.2 (win64) Build 932637 Wed Jun 11 13:33:10 MDT 2014
| Date             : Tue May 29 09:17:37 2018
| Host             : LAPTOP-FLPBL57L running 64-bit major release  (build 9200)
| Command          : 
| Design           : Display
| Device           : xc7a35tcpg236-1
| Design State     : Routed
| Grade            : commercial
| Process          : typical
| Characterization : Production
---------------------------------------------------------------------------------------

Power Report

Table of Contents
-----------------
1. Summary
1.1 On-Chip Components
1.2 Power Supply Summary
1.3 Confidence Level
2. Settings
2.1 Environment
2.2 Clock Constraints
3. Detailed Reports
3.1 By Hierarchy

1. Summary
----------

+--------------------------+-------+
| Total On-Chip Power (W)  | 7.637 |
| Dynamic (W)              | 7.527 |
| Device Static (W)        | 0.110 |
| Total Off-Chip Power (W) | 0.000 |
| Effective TJA (C/W)      | 5.0   |
| Max Ambient (C)          | 46.8  |
| Junction Temperature (C) | 63.2  |
| Confidence Level         | Low   |
| Setting File             | ---   |
| Simulation Activity File | ---   |
| Design Nets Matched      | NA    |
+--------------------------+-------+


1.1 On-Chip Components
----------------------

+--------------------------+-----------+----------+-----------+-----------------+
| On-Chip                  | Power (W) | Used     | Available | Utilization (%) |
+--------------------------+-----------+----------+-----------+-----------------+
| Slice Logic              |     0.445 |     3182 |       --- |             --- |
|   LUT as Logic           |     0.413 |     1279 |     20800 |            6.14 |
|   CARRY4                 |     0.013 |       43 |      8150 |            0.52 |
|   BUFG                   |     0.006 |        2 |        32 |            6.25 |
|   LUT as Distributed RAM |     0.005 |       48 |      9600 |            0.50 |
|   Register               |     0.004 |     1135 |     41600 |            2.72 |
|   F7/F8 Muxes            |     0.003 |      137 |     32600 |            0.42 |
|   Others                 |     0.000 |       14 |       --- |             --- |
| Signals                  |     0.619 |     2191 |       --- |             --- |
| I/O                      |     6.463 |       17 |       106 |           16.03 |
| Static Power             |     0.110 |          |           |                 |
| Total                    |     7.637 |          |           |                 |
+--------------------------+-----------+----------+-----------+-----------------+


1.2 Power Supply Summary
------------------------

+-----------+-------------+-----------+-------------+------------+
| Source    | Voltage (V) | Total (A) | Dynamic (A) | Static (A) |
+-----------+-------------+-----------+-------------+------------+
| Vccint    |       1.000 |     1.118 |       1.076 |      0.042 |
| Vccaux    |       1.800 |     0.252 |       0.236 |      0.016 |
| Vcco33    |       3.300 |     1.827 |       1.826 |      0.001 |
| Vcco25    |       2.500 |     0.000 |       0.000 |      0.000 |
| Vcco18    |       1.800 |     0.000 |       0.000 |      0.000 |
| Vcco15    |       1.500 |     0.000 |       0.000 |      0.000 |
| Vcco135   |       1.350 |     0.000 |       0.000 |      0.000 |
| Vcco12    |       1.200 |     0.000 |       0.000 |      0.000 |
| Vccaux_io |       0.000 |     0.000 |       0.000 |      0.000 |
| Vccbram   |       1.000 |     0.001 |       0.000 |      0.001 |
| MGTAVcc   |       1.000 |     0.000 |       0.000 |      0.000 |
| MGTAVtt   |       1.200 |     0.000 |       0.000 |      0.000 |
| Vccadc    |       1.800 |     0.020 |       0.000 |      0.020 |
+-----------+-------------+-----------+-------------+------------+


1.3 Confidence Level
--------------------

+-----------------------------+------------+--------------------------------------------------------+--------------------------------------------------------------------------------------------------------------------+
| User Input Data             | Confidence | Details                                                | Action                                                                                                             |
+-----------------------------+------------+--------------------------------------------------------+--------------------------------------------------------------------------------------------------------------------+
| Design implementation state | High       | Design is routed                                       |                                                                                                                    |
| Clock nodes activity        | Low        | User specified less than 75% of clocks                 | Provide missing clock activity with a constraint file, simulation results or by editing the "By Clock Domain" view |
| I/O nodes activity          | Low        | More than 75% of inputs are missing user specification | Provide missing input activity with simulation results or by editing the "By Resource Type -> I/Os" view           |
| Internal nodes activity     | Medium     | User specified less than 25% of internal nodes         | Provide missing internal nodes activity with simulation results or by editing the "By Resource Type" views         |
| Device models               | High       | Device models are Production                           |                                                                                                                    |
|                             |            |                                                        |                                                                                                                    |
| Overall confidence level    | Low        |                                                        |                                                                                                                    |
+-----------------------------+------------+--------------------------------------------------------+--------------------------------------------------------------------------------------------------------------------+


2. Settings
-----------

2.1 Environment
---------------

+-----------------------+--------------------------+
| Ambient Temp (C)      | 25.0                     |
| ThetaJA (C/W)         | 5.0                      |
| Airflow (LFM)         | 250                      |
| Heat Sink             | medium (Medium Profile)  |
| ThetaSA (C/W)         | 4.6                      |
| Board Selection       | medium (10"x10")         |
| # of Board Layers     | 12to15 (12 to 15 Layers) |
| Board Temperature (C) | 25.0                     |
+-----------------------+--------------------------+


2.2 Clock Constraints
---------------------

+-------+--------+-----------------+
| Clock | Domain | Constraint (ns) |
+-------+--------+-----------------+


3. Detailed Reports
-------------------

3.1 By Hierarchy
----------------

+----------------------------------+-----------+
| Name                             | Power (W) |
+----------------------------------+-----------+
| Display                          |     7.527 |
|   clk_div                        |     0.003 |
|   cpu                            |     0.851 |
|     DM                           |     0.163 |
|     alu                          |     0.024 |
|     pc                           |     0.499 |
|     registerFile                 |     0.164 |
|       register_reg_r1_0_31_0_5   |     0.003 |
|       register_reg_r1_0_31_12_17 |     0.004 |
|       register_reg_r1_0_31_18_23 |     0.005 |
|       register_reg_r1_0_31_24_29 |     0.014 |
|       register_reg_r1_0_31_30_31 |     0.003 |
|       register_reg_r1_0_31_6_11  |     0.004 |
|       register_reg_r2_0_31_0_5   |    <0.001 |
|       register_reg_r2_0_31_12_17 |     0.001 |
|       register_reg_r2_0_31_18_23 |     0.001 |
|       register_reg_r2_0_31_24_29 |     0.001 |
|       register_reg_r2_0_31_30_31 |    <0.001 |
|       register_reg_r2_0_31_6_11  |     0.002 |
|   de                             |     0.145 |
|   gc                             |     0.019 |
+----------------------------------+-----------+


